Start testing: Sep 14 01:00 UTC
----------------------------------------------------------
1/6 Testing: Student JSON serialization
1/6 Test: Student JSON serialization
Command: "/workspaces/Inheritance_Exceptions/build/tests" "Student JSON serialization"
Directory: /workspaces/Inheritance_Exceptions/build
"Student JSON serialization" start time: Sep 14 01:00 UTC
Output:
----------------------------------------------------------
Filters: "Student JSON serialization"
Randomness seeded to: 4093875182
===============================================================================
All tests passed (3 assertions in 1 test case)

<end of output>
Test time =   0.00 sec
----------------------------------------------------------
Test Passed.
"Student JSON serialization" end time: Sep 14 01:00 UTC
"Student JSON serialization" time elapsed: 00:00:00
----------------------------------------------------------

2/6 Testing: Instructor YAML serialization
2/6 Test: Instructor YAML serialization
Command: "/workspaces/Inheritance_Exceptions/build/tests" "Instructor YAML serialization"
Directory: /workspaces/Inheritance_Exceptions/build
"Instructor YAML serialization" start time: Sep 14 01:00 UTC
Output:
----------------------------------------------------------
Filters: "Instructor YAML serialization"
Randomness seeded to: 3057942594
===============================================================================
All tests passed (2 assertions in 1 test case)

<end of output>
Test time =   0.00 sec
----------------------------------------------------------
Test Passed.
"Instructor YAML serialization" end time: Sep 14 01:00 UTC
"Instructor YAML serialization" time elapsed: 00:00:00
----------------------------------------------------------

3/6 Testing: CSV escaping handles commas and quotes
3/6 Test: CSV escaping handles commas and quotes
Command: "/workspaces/Inheritance_Exceptions/build/tests" "CSV escaping handles commas and quotes"
Directory: /workspaces/Inheritance_Exceptions/build
"CSV escaping handles commas and quotes" start time: Sep 14 01:00 UTC
Output:
----------------------------------------------------------
Filters: "CSV escaping handles commas and quotes"
Randomness seeded to: 1495099646
===============================================================================
All tests passed (1 assertion in 1 test case)

<end of output>
Test time =   0.00 sec
----------------------------------------------------------
Test Passed.
"CSV escaping handles commas and quotes" end time: Sep 14 01:00 UTC
"CSV escaping handles commas and quotes" time elapsed: 00:00:00
----------------------------------------------------------

4/6 Testing: Validation throws on bad email
4/6 Test: Validation throws on bad email
Command: "/workspaces/Inheritance_Exceptions/build/tests" "Validation throws on bad email"
Directory: /workspaces/Inheritance_Exceptions/build
"Validation throws on bad email" start time: Sep 14 01:00 UTC
Output:
----------------------------------------------------------
Filters: "Validation throws on bad email"
Randomness seeded to: 1266680123
===============================================================================
All tests passed (1 assertion in 1 test case)

<end of output>
Test time =   0.00 sec
----------------------------------------------------------
Test Passed.
"Validation throws on bad email" end time: Sep 14 01:00 UTC
"Validation throws on bad email" time elapsed: 00:00:00
----------------------------------------------------------

5/6 Testing: Course JSON serialization
5/6 Test: Course JSON serialization
Command: "/workspaces/Inheritance_Exceptions/build/tests" "Course JSON serialization"
Directory: /workspaces/Inheritance_Exceptions/build
"Course JSON serialization" start time: Sep 14 01:00 UTC
Output:
----------------------------------------------------------
Filters: "Course JSON serialization"
Randomness seeded to: 3386224694
===============================================================================
All tests passed (6 assertions in 1 test case)

<end of output>
Test time =   0.00 sec
----------------------------------------------------------
Test Passed.
"Course JSON serialization" end time: Sep 14 01:00 UTC
"Course JSON serialization" time elapsed: 00:00:00
----------------------------------------------------------

6/6 Testing: Student from_json deserialization
6/6 Test: Student from_json deserialization
Command: "/workspaces/Inheritance_Exceptions/build/tests" "Student from_json deserialization"
Directory: /workspaces/Inheritance_Exceptions/build
"Student from_json deserialization" start time: Sep 14 01:00 UTC
Output:
----------------------------------------------------------
Filters: "Student from_json deserialization"
Randomness seeded to: 3446672841
===============================================================================
All tests passed (3 assertions in 1 test case)

<end of output>
Test time =   0.00 sec
----------------------------------------------------------
Test Passed.
"Student from_json deserialization" end time: Sep 14 01:00 UTC
"Student from_json deserialization" time elapsed: 00:00:00
----------------------------------------------------------

End testing: Sep 14 01:00 UTC
